2022-06-04T10:56:53.719983+1000Файл 'Json' создан на локальном диске
2022-06-04T10:57:23.226850+1000Файл 'Json' создан на локальном диске
2022-06-04T10:57:24.890258+1000Фотография c именем : 2013-08-26-00H-55M-31S выгружена на Yandex Disk
2022-06-04T10:57:25.765645+1000Фотография c именем : 2013-02-07-10H-17M-20S выгружена на Yandex Disk
2022-06-04T10:57:26.489693+1000Фотография c именем : 2013-06-20-09H-23M-26S выгружена на Yandex Disk
2022-06-04T10:57:27.130610+1000Фотография c именем : 2013-07-07-10H-39M-05S выгружена на Yandex Disk
2022-06-04T10:57:27.862996+1000Фотография c именем : 5 выгружена на Yandex Disk
2022-06-04T11:00:04.829053+1000Файл 'Json' создан на локальном диске
2022-06-04T11:00:06.147994+1000Фотография c именем : 2013-08-26-00H-55M-31S выгружена на Yandex Disk
2022-06-04T11:00:06.907795+1000Фотография c именем : 2013-02-07-10H-17M-20S выгружена на Yandex Disk
2022-06-04T11:00:07.641023+1000Фотография c именем : 2013-06-20-09H-23M-26S выгружена на Yandex Disk
2022-06-04T11:00:08.409994+1000Фотография c именем : 2013-07-07-10H-39M-05S выгружена на Yandex Disk
2022-06-04T11:00:09.193374+1000Фотография c именем : 5 выгружена на Yandex Disk
2022-06-04T11:00:53.736424+1000Файл 'Json' создан на локальном диске
2022-06-04T11:00:55.238110+1000Фотография c именем : 2013-08-26-00H-55M-31S выгружена на Yandex Disk
2022-06-04T11:00:55.861415+1000Фотография c именем : 2013-02-07-10H-17M-20S выгружена на Yandex Disk
2022-06-04T11:00:56.601616+1000Фотография c именем : 2013-06-20-09H-23M-26S выгружена на Yandex Disk
2022-06-04T11:00:57.480050+1000Фотография c именем : 2013-07-07-10H-39M-05S выгружена на Yandex Disk
2022-06-04T11:00:58.216175+1000Фотография c именем : 5 выгружена на Yandex Disk
2022-06-04T11:18:32.821570+1000Файл 'Json' создан на локальном диске
2022-06-04T11:18:34.449477+1000Фотография c именем : 56 выгружена на Yandex Disk
2022-06-04T11:18:35.112177+1000Фотография c именем : 214 выгружена на Yandex Disk
2022-06-04T11:18:35.889177+1000Фотография c именем : 84 выгружена на Yandex Disk
2022-06-04T11:18:36.877640+1000Фотография c именем : 180 выгружена на Yandex Disk
2022-06-04T11:18:37.861780+1000Фотография c именем : 195 выгружена на Yandex Disk
2022-06-04T11:19:51.954351+1000Файл 'Json' создан на локальном диске
2022-06-04T11:19:53.760050+1000Фотография c именем : 56 выгружена на Yandex Disk
2022-06-04T11:19:54.421172+1000Фотография c именем : 214 выгружена на Yandex Disk
2022-06-04T11:19:55.158566+1000Фотография c именем : 84 выгружена на Yandex Disk
2022-06-04T11:19:56.087330+1000Фотография c именем : 180 выгружена на Yandex Disk
2022-06-04T11:19:56.799072+1000Фотография c именем : 195 выгружена на Yandex Disk
2022-06-04T11:20:23.350991+1000Файл 'Json' создан на локальном диске
2022-06-04T11:20:24.886864+1000Фотография c именем : 56 выгружена на Yandex Disk
2022-06-04T11:20:25.536072+1000Фотография c именем : 214 выгружена на Yandex Disk
2022-06-04T11:20:26.170394+1000Фотография c именем : 84 выгружена на Yandex Disk
2022-06-04T11:20:26.804834+1000Фотография c именем : 180 выгружена на Yandex Disk
2022-06-04T11:20:27.661681+1000Фотография c именем : 195 выгружена на Yandex Disk
2022-06-04T11:22:06.525474+1000Файл 'Json' создан на локальном диске
2022-06-04T11:22:08.022798+1000Фотография c именем : 56 выгружена на Yandex Disk
2022-06-04T11:22:08.826487+1000Фотография c именем : 214 выгружена на Yandex Disk
2022-06-04T11:22:09.555524+1000Фотография c именем : 84 выгружена на Yandex Disk
2022-06-04T11:22:10.490757+1000Фотография c именем : 180 выгружена на Yandex Disk
2022-06-04T11:22:11.276452+1000Фотография c именем : 195 выгружена на Yandex Disk
2022-06-04T11:22:11.932473+1000Фотография c именем : 216 выгружена на Yandex Disk
2022-06-04T11:22:12.666581+1000Фотография c именем : 29 выгружена на Yandex Disk
2022-06-04T11:22:13.400870+1000Фотография c именем : 46 выгружена на Yandex Disk
2022-06-04T11:22:14.120533+1000Фотография c именем : 83 выгружена на Yandex Disk
2022-06-04T11:22:14.829486+1000Фотография c именем : 100 выгружена на Yandex Disk
2022-06-04T11:23:28.660988+1000Файл 'Json' создан на локальном диске
2022-06-04T11:23:33.249941+1000Фотография c именем : 71 выгружена на Yandex Disk
2022-06-04T11:23:33.989871+1000Фотография c именем : 147 выгружена на Yandex Disk
2022-06-04T11:23:34.660390+1000Фотография c именем : 97 выгружена на Yandex Disk
2022-06-04T11:23:35.444468+1000Фотография c именем : 99 выгружена на Yandex Disk
2022-06-04T11:23:36.168140+1000Фотография c именем : 80 выгружена на Yandex Disk
2022-06-04T11:23:36.958382+1000Фотография c именем : 171 выгружена на Yandex Disk
2022-06-04T11:23:37.735907+1000Фотография c именем : 2016-09-22-04H-04M-33S выгружена на Yandex Disk
2022-06-04T11:23:38.475325+1000Фотография c именем : 76 выгружена на Yandex Disk
2022-06-04T11:23:39.241128+1000Фотография c именем : 126 выгружена на Yandex Disk
2022-06-04T11:23:39.916020+1000Фотография c именем : 84 выгружена на Yandex Disk
2022-06-04T11:25:04.533487+1000Файл 'Json' создан на локальном диске
2022-06-04T11:25:05.933266+1000Фотография c именем : 71 выгружена на Yandex Disk
2022-06-04T11:25:07.416884+1000Фотография c именем : 147 выгружена на Yandex Disk
2022-06-04T11:25:08.163108+1000Фотография c именем : 97 выгружена на Yandex Disk
2022-06-04T11:25:08.979076+1000Фотография c именем : 99 выгружена на Yandex Disk
2022-06-04T11:25:09.605820+1000Фотография c именем : 80 выгружена на Yandex Disk
2022-06-04T11:26:51.839163+1000Файл 'Json' создан на локальном диске
2022-06-04T11:26:53.388035+1000Фотография c именем : 71 выгружена на Yandex Disk
2022-06-04T11:26:54.139821+1000Фотография c именем : 147 выгружена на Yandex Disk
2022-06-04T11:26:55.145169+1000Фотография c именем : 97 выгружена на Yandex Disk
2022-06-04T11:26:55.925484+1000Фотография c именем : 99 выгружена на Yandex Disk
2022-06-04T11:26:56.691863+1000Фотография c именем : 80 выгружена на Yandex Disk
2022-06-04T11:37:28.991401+1000Файл 'Json' создан на локальном диске
2022-06-04T11:37:30.772524+1000Фотография c именем : 71 выгружена на Yandex Disk
2022-06-04T11:37:31.479721+1000Фотография c именем : 147 выгружена на Yandex Disk
2022-06-04T11:37:32.192425+1000Фотография c именем : 97 выгружена на Yandex Disk
2022-06-04T11:37:32.758289+1000Фотография c именем : 99 выгружена на Yandex Disk
2022-06-04T11:37:33.519679+1000Фотография c именем : 80 выгружена на Yandex Disk
2022-06-04T11:46:15.358531+1000Файл 'Json' создан на локальном диске
2022-06-04T11:46:17.059270+1000Фотография c именем : 2013-08-26-00H-55M-31S выгружена на Yandex Disk
2022-06-04T11:46:17.804175+1000Фотография c именем : 2013-02-07-10H-17M-20S выгружена на Yandex Disk
2022-06-04T11:46:18.528439+1000Фотография c именем : 2013-06-20-09H-23M-26S выгружена на Yandex Disk
2022-06-04T11:46:19.200774+1000Фотография c именем : 2013-07-07-10H-39M-05S выгружена на Yandex Disk
2022-06-04T11:46:19.873605+1000Фотография c именем : 5 выгружена на Yandex Disk
2022-06-04T12:12:10.049332+1000Профиль закрыт
2022-06-04T12:12:26.814762+1000Профиль закрыт
2022-06-04T12:12:45.385600+1000Профиль закрыт
2022-06-04T12:12:48.216607+1000Профиль закрыт
2022-06-04T12:15:48.928472+1000Профиль закрыт
2022-06-04T12:15:58.318484+1000Профиль закрыт
2022-06-04T12:17:05.256574+1000Профиль закрыт
2022-06-04T12:17:25.261011+1000Профиль закрыт
2022-06-04T12:20:31.665379+1000Профиль закрыт
2022-06-04T12:21:09.180275+1000Профиль закрыт
2022-06-04T12:22:58.524839+1000Профиль закрыт
2022-06-04T12:22:58.525837+1000Профиль закрыт фотографии не удалось скачать
2022-06-04T12:23:15.683670+1000Фотография c именем : 2013-08-26-00H-55M-31S выгружена на Yandex Disk
2022-06-04T12:23:16.339987+1000Фотография c именем : 2013-02-07-10H-17M-20S выгружена на Yandex Disk
2022-06-04T12:23:17.116129+1000Фотография c именем : 2013-06-20-09H-23M-26S выгружена на Yandex Disk
2022-06-04T12:23:18.344750+1000Фотография c именем : 2013-07-07-10H-39M-05S выгружена на Yandex Disk
2022-06-04T12:23:19.032138+1000Фотография c именем : 5 выгружена на Yandex Disk
2022-06-04T12:24:02.723283+1000Профиль открыт получаем фотографии
2022-06-04T12:24:04.246619+1000Фотография c именем : 2013-08-26-00H-55M-31S выгружена на Yandex Disk
2022-06-04T12:24:04.920381+1000Фотография c именем : 2013-02-07-10H-17M-20S выгружена на Yandex Disk
2022-06-04T12:24:05.766253+1000Фотография c именем : 2013-06-20-09H-23M-26S выгружена на Yandex Disk
2022-06-04T12:24:06.444003+1000Фотография c именем : 2013-07-07-10H-39M-05S выгружена на Yandex Disk
2022-06-04T12:24:07.184094+1000Фотография c именем : 5 выгружена на Yandex Disk
2022-06-04T12:25:23.213568+1000Профиль открыт получаем фотографии
2022-06-04T12:25:24.850524+1000Фотография c именем : 2013-08-26-00H-55M-31S выгружена на Yandex Disk
2022-06-04T12:25:25.600676+1000Фотография c именем : 2013-02-07-10H-17M-20S выгружена на Yandex Disk
2022-06-04T12:25:26.315281+1000Фотография c именем : 2013-06-20-09H-23M-26S выгружена на Yandex Disk
2022-06-04T12:25:27.041419+1000Фотография c именем : 2013-07-07-10H-39M-05S выгружена на Yandex Disk
2022-06-04T12:25:27.854662+1000Фотография c именем : 5 выгружена на Yandex Disk
2022-06-04T12:25:27.855661+1000Все фотографии выгружены на Yandex Disk
2022-06-04T12:29:27.453800+1000Профиль открыт получаем фотографии
2022-06-04T12:29:28.864717+1000Фотография c именем : 2013-08-26-00H-55M-31S выгружена на Yandex Disk
2022-06-04T12:29:29.594877+1000Фотография c именем : 2013-02-07-10H-17M-20S выгружена на Yandex Disk
2022-06-04T12:29:30.547271+1000Фотография c именем : 2013-06-20-09H-23M-26S выгружена на Yandex Disk
2022-06-04T12:29:31.410784+1000Фотография c именем : 2013-07-07-10H-39M-05S выгружена на Yandex Disk
2022-06-04T12:29:32.120314+1000Фотография c именем : 5 выгружена на Yandex Disk
2022-06-04T12:29:32.121300+1000Все фотографии выгружены на Yandex Disk
2022-06-04T12:29:46.101974+1000Профиль открыт получаем фотографии
2022-06-04T12:29:47.659990+1000Фотография c именем : 2013-08-26-00H-55M-31S выгружена на Yandex Disk
2022-06-04T12:29:48.349745+1000Фотография c именем : 2013-02-07-10H-17M-20S выгружена на Yandex Disk
2022-06-04T12:29:49.620096+1000Фотография c именем : 2013-06-20-09H-23M-26S выгружена на Yandex Disk
2022-06-04T12:29:50.304513+1000Фотография c именем : 2013-07-07-10H-39M-05S выгружена на Yandex Disk
2022-06-04T12:29:51.171802+1000Фотография c именем : 5 выгружена на Yandex Disk
2022-06-04T12:29:51.172802+1000Все фотографии выгружены на Yandex Disk
2022-06-04T12:30:18.729253+1000Профиль открыт получаем фотографии
2022-06-04T12:30:20.201195+1000Фотография c именем : 2013-08-26-00H-55M-31S выгружена на Yandex Disk
2022-06-04T12:30:20.962790+1000Фотография c именем : 2013-02-07-10H-17M-20S выгружена на Yandex Disk
2022-06-04T12:30:21.823191+1000Фотография c именем : 2013-06-20-09H-23M-26S выгружена на Yandex Disk
2022-06-04T12:30:22.599313+1000Фотография c именем : 2013-07-07-10H-39M-05S выгружена на Yandex Disk
2022-06-04T12:30:23.649040+1000Фотография c именем : 5 выгружена на Yandex Disk
2022-06-04T12:30:23.649040+1000Все фотографии выгружены на Yandex Disk
2022-06-04T12:30:31.104127+1000Профиль открыт получаем фотографии
2022-06-04T12:30:32.763976+1000Фотография c именем : 2013-08-26-00H-55M-31S выгружена на Yandex Disk
2022-06-04T12:30:33.813236+1000Фотография c именем : 2013-02-07-10H-17M-20S выгружена на Yandex Disk
2022-06-04T12:30:34.616809+1000Фотография c именем : 2013-06-20-09H-23M-26S выгружена на Yandex Disk
2022-06-04T12:30:36.075599+1000Фотография c именем : 2013-07-07-10H-39M-05S выгружена на Yandex Disk
2022-06-04T12:30:36.857722+1000Фотография c именем : 5 выгружена на Yandex Disk
2022-06-04T12:30:37.579849+1000Фотография c именем : 12 выгружена на Yandex Disk
2022-06-04T12:30:38.253213+1000Фотография c именем : 0 выгружена на Yandex Disk
2022-06-04T12:30:39.010106+1000Фотография c именем : 2013-09-16-10H-30M-16S выгружена на Yandex Disk
2022-06-04T12:30:39.667237+1000Фотография c именем : 23 выгружена на Yandex Disk
2022-06-04T12:30:40.370135+1000Фотография c именем : 6 выгружена на Yandex Disk
2022-06-04T12:30:40.371156+1000Все фотографии выгружены на Yandex Disk
